<?xml version='1.0'?><manifest><version>2007-10-10</version><bundler><name>ec2-ami-tools</name><version>1.3</version><release>26357</release></bundler><machine_configuration><architecture>i386</architecture></machine_configuration><image><name>test-file</name><user>000381551651</user><type>machine</type><digest algorithm='SHA1'>aeac179cb92e93708b4c6b98b30ba8ba21ae8aaf</digest><size>12582912</size><bundled_size>12585040</bundled_size><ec2_encrypted_key algorithm='AES-128-CBC'>671c7d6b719b1cdeac06635d4c3fe3391963b8102f9b65c63851b68b462dce6fc14b77c9f3fef0d4d1c33cf287d42af9cca721ab72cb276efa870e9c2d14fc1eb90d0b503c76f6cc3d3ef963a65cf2ccc2ed97d28d19cc756ab67fb278c632e60682a924d8db18fdcbe855f43b064bcba11a49b84e7ae7cc8b6924a39c88d16577b8bafac80d490e8c53f2e9fbf9c6ad6911cfc2988ed2a31ce0193d15825b00bc98ade7e95adc95d7903e8405d5478e2a7d2e0a92b7b3b66cc3502079622f88abc28a0bdf17728a4cb662503c84cb4ed9e480251e08d692bb69da142094ac91a854096a2b1746558a3630a4d5aba180d8962cd481e46f458b9c274b14774aae</ec2_encrypted_key><user_encrypted_key algorithm='AES-128-CBC'>111fc0904ef0d32e073ec9a65551159b87cc0a27de5d1015c52b27cea4b547231088971d2682d92dedc4b2de0cef1eeb6e52cc64fc36003ea912edd6a0776f3c970f751172e89be6fe75891ec2fbf5ddb72f1b5e51a96e1a8b25d9261b2de2435e984983cb8cccf60126a30909fd2da78e46e7afb4e9f0b1313f4f17054783fb21b04d23ac82711e52b53c9ba043d1838b41bc460683d065a8c6f1d6ca6fe0fd07fde1bcf4e55a2c4f61a0a8496c3fbb1a96e59eba88bd59778420043ec0d959d71657695ddaa598397bb6ad08ead41221f976a643502e79922f7239521e428835f28676369adce1dc32f922c2193f472fb44f9da1f741221fa2fd26eaac961a</user_encrypted_key><ec2_encrypted_iv>1a355c31d4c37d17739f020ca7b6ae401b7e7c1a41a2fb151b80781cc54dfd7f530f4aac213b46a4b769e77545d7f87127a5b8811bdbdff3ed67b3dd82d8a05cb873f51ce5a25344ac738748e1697ce9ecc1c5f32782279ae0c8ca43bf8c06d30d634fb377650da946df1c0a62eb51d76284685c7e8cdee25400ffa3bfae468e64083b2b8958f5a5b2913b9e3b8dc51d36e38b36537de9037cc9f83ba466d9b0f3a5295aa08da2b597df370d1063b005007cf750c6c1a19ee30d90efe87f3bad0cf061acbe025047795b865e89d562a23f2b8d290af9a9e4c6c324ea2fb5a9191ea2e39402212531f57e140e440afbdf751f24f40e0c5390e7702e07c1159dd0</ec2_encrypted_iv><user_encrypted_iv>544e7adfc3faa7e01d050b5c745400c128e42cd371c303baffa1ba7ea99c61958c9ce78ba4ebac0b6aade37fc3b5918eed9cf66cbb08457c2b5aec0fa4bfafcf2266dc880b52b95e57b6db440b11fab475dec7b6a25d3ff7fc5c2350fde5f4bd7f3eaefbd55a1bf0150adfdd892859ff32ab6f13f5d6a33cfd830e97ee860a0ebc7fe58cdd2ab3644bb405205f8fab79010e08498e3bf6846273d9e6fb98377dcbc95c8cbc930031dbc0457004280170260c916467a1d9141d25ea53fc3f7b2d1f531df64487a1d2720a7f602b2144fc5dc37992808dda49fcaaa8369697cc2becdd7b94486b721407e702ced3ad85fde92d725e336884bc453bc518ef55628e</user_encrypted_iv><parts count='2'><part index='0'><filename>test-file.part.0</filename><digest algorithm='SHA1'>2a95215a70bfd6f6341ec9b40af2507a7ade7381</digest></part><part index='1'><filename>test-file.part.1</filename><digest algorithm='SHA1'>fbfbd0f8f464a80b027673a3a874352a54cf1d9c</digest></part></parts></image><signature>4adaf84301a4d1a79969d4941e0acc7d3e4a1ac953a9651e8c6c62db5a463b707ef5b49733605c7425c826586b2bd0efa67fb71d979b3d8384c6e45493d78e564106fcf9e887d7f639152323e735fd3c7e5ef662f41c2ff3f395bf2836fef3feba1080f3276aaad8d91c139df760b72c72dbcb7f11e362ce5c6206e14a202ed6214a2e3e791ece25b4c4e3fd57bcc72d78625c565d652d581d880fafcd2ed0ef88d5c3a8c2c913443ff1aa66e362bfc0661c34458eff50bc42827fb8005bd6d9c609eac76a37d7f7c586077c9e0434964b090dd84d8428287ca72c830c17cced71940f3c7c7ba5b05b685826620220c49ca52d767febbaab9f5e26d0effdd38b</signature></manifest>